Initializing document watcher...
app/app/Http/Controllers/Web/CalculationController.php: {"insertSpaces":true,"tabSize":4}
app/app/Models/Calculation.php: {"insertSpaces":true,"tabSize":4}
app/app/Http/Controllers/Web/CalculationController.php: {"insertSpaces":true,"tabSize":4}
app/app/Http/Controllers/Web/CalculationController.php: {"insertSpaces":true,"tabSize":4}
app/app/Http/Controllers/Web/CalculationController.php: {"insertSpaces":true,"tabSize":4}
app/app/Http/Controllers/Web/CalculationController.php: {"insertSpaces":true,"tabSize":4}
app/app/Http/Controllers/Web/CalculationController.php: {"insertSpaces":true,"tabSize":4}
app/app/Http/Controllers/Web/CalculationController.php: {"insertSpaces":true,"tabSize":4}
app/app/Http/Controllers/Web/CalculationController.php: {"insertSpaces":true,"tabSize":4}
app/app/Http/Controllers/Web/CalculationController.php: {"insertSpaces":true,"tabSize":4}
app/app/Http/Requests/CalculatorFactorsRequest.php: {"insertSpaces":true,"tabSize":4}
app/app/Http/Controllers/Web/CalculationController.php: {"insertSpaces":true,"tabSize":4}
app/app/Http/Controllers/Web/CalculationController.php: {"insertSpaces":true,"tabSize":4}
app/app/Http/Controllers/Web/CalculationController.php: {"insertSpaces":true,"tabSize":4}
app/app/Http/Controllers/Web/CalculationController.php: {"insertSpaces":true,"tabSize":4}
app/app/Http/Controllers/Web/CalculationController.php: {"insertSpaces":true,"tabSize":4}
app/resources/js/Pages/Calculation/Partials/Steps/Step3.vue: {"insertSpaces":true,"tabSize":4}
app/resources/js/Pages/Calculation/Partials/Steps/Step3.vue: {"insertSpaces":true,"tabSize":4}
app/resources/js/Components/Calculation/CalculationHorizontalInput.vue: {"insertSpaces":true,"tabSize":4}
app/app/Http/Requests/CalculatorFactorsRequest.php: {"insertSpaces":true,"tabSize":4}
app/app/Http/Controllers/Web/CalculationController.php: {"insertSpaces":true,"tabSize":4}
app/resources/js/Pages/Calculation/Partials/Steps/Step3.vue: {"insertSpaces":true,"tabSize":4}
app/resources/js/Pages/Calculation/Partials/Steps/Step3.vue: Using EditorConfig core...
resources/js/Pages/Calculation/Partials/Steps/Step3.vue: editor.action.trimTrailingWhitespace
app/resources/js/Pages/Calculation/Partials/Steps/Step3.vue: Using EditorConfig core...
resources/js/Pages/Calculation/Partials/Steps/Step3.vue: editor.action.trimTrailingWhitespace
app/resources/js/Pages/Calculation/Partials/Steps/Step3.vue: Using EditorConfig core...
resources/js/Pages/Calculation/Partials/Steps/Step3.vue: editor.action.trimTrailingWhitespace
app/resources/js/Pages/Calculation/Partials/Steps/Step3.vue: Using EditorConfig core...
resources/js/Pages/Calculation/Partials/Steps/Step3.vue: editor.action.trimTrailingWhitespace
app/resources/js/Pages/Calculation/Partials/Steps/Step3.vue: Using EditorConfig core...
resources/js/Pages/Calculation/Partials/Steps/Step3.vue: editor.action.trimTrailingWhitespace
app/resources/js/Pages/Calculation/Partials/Steps/Step3.vue: Using EditorConfig core...
resources/js/Pages/Calculation/Partials/Steps/Step3.vue: editor.action.trimTrailingWhitespace
app/resources/js/Pages/Calculation/Partials/Steps/Step3.vue: Using EditorConfig core...
resources/js/Pages/Calculation/Partials/Steps/Step3.vue: editor.action.trimTrailingWhitespace
app/resources/js/Pages/Calculation/Partials/Steps/Step3.vue: Using EditorConfig core...
resources/js/Pages/Calculation/Partials/Steps/Step3.vue: editor.action.trimTrailingWhitespace
app/resources/js/Pages/Calculation/Partials/Steps/Step3.vue: Using EditorConfig core...
resources/js/Pages/Calculation/Partials/Steps/Step3.vue: editor.action.trimTrailingWhitespace
app/resources/js/Pages/Calculation/Partials/Steps/Step3.vue: Using EditorConfig core...
resources/js/Pages/Calculation/Partials/Steps/Step3.vue: editor.action.trimTrailingWhitespace
app/resources/js/Components/Calculation/CalculationHorizontalInput.vue: {"insertSpaces":true,"tabSize":4}
app/resources/js/Pages/Calculation/Partials/Steps/Step3.vue: {"insertSpaces":true,"tabSize":4}
app/resources/js/Components/Calculation/CalculationHorizontalInput.vue: {"insertSpaces":true,"tabSize":4}
app/resources/js/Pages/Calculation/Partials/Steps/Step3.vue: {"insertSpaces":true,"tabSize":4}
app/resources/js/Pages/Calculation/Partials/Steps/Step3.vue: {"insertSpaces":true,"tabSize":4}
app/resources/js/Pages/Calculation/Partials/Steps/Step3.vue: {"insertSpaces":true,"tabSize":4}
app/app/Http/Requests/CalculatorFactorsRequest.php: {"insertSpaces":true,"tabSize":4}
app/resources/js/Components/Calculation/CalculationHorizontalInput.vue: {"insertSpaces":true,"tabSize":4}
app/resources/js/Components/Calculation/CalculationHorizontalInput.vue: {"insertSpaces":true,"tabSize":4}
app/resources/js/Components/Calculation/CalculationHorizontalInput.vue: Using EditorConfig core...
resources/js/Components/Calculation/CalculationHorizontalInput.vue: editor.action.trimTrailingWhitespace
app/resources/js/Components/Calculation/CalculationHorizontalInput.vue: {"insertSpaces":true,"tabSize":4}
app/resources/js/Components/Calculation/CalculationHorizontalInput.vue: Using EditorConfig core...
resources/js/Components/Calculation/CalculationHorizontalInput.vue: editor.action.trimTrailingWhitespace
app/resources/js/Components/Calculation/CalculationHorizontalInput.vue: {"insertSpaces":true,"tabSize":4}
app/app/Http/Requests/CalculatorFactorsRequest.php: {"insertSpaces":true,"tabSize":4}
app/app/Http/Controllers/Web/CalculationController.php: {"insertSpaces":true,"tabSize":4}
app/resources/js/Pages/Calculation/Partials/Steps/Step3.vue: {"insertSpaces":true,"tabSize":4}
app/resources/js/Pages/Calculation/Partials/Steps/Step3.vue: Using EditorConfig core...
resources/js/Pages/Calculation/Partials/Steps/Step3.vue: editor.action.trimTrailingWhitespace
app/resources/js/Pages/Calculation/Partials/Steps/Step3.vue: Using EditorConfig core...
resources/js/Pages/Calculation/Partials/Steps/Step3.vue: editor.action.trimTrailingWhitespace
app/resources/js/Pages/Calculation/Partials/Steps/Step3.vue: {"insertSpaces":true,"tabSize":4}
app/resources/js/Pages/Calculation/Partials/Steps/Step3.vue: Using EditorConfig core...
resources/js/Pages/Calculation/Partials/Steps/Step3.vue: editor.action.trimTrailingWhitespace
app/resources/js/Pages/Calculation/Partials/Steps/Step3.vue: Using EditorConfig core...
resources/js/Pages/Calculation/Partials/Steps/Step3.vue: editor.action.trimTrailingWhitespace
app/resources/js/Pages/Calculation/Partials/Steps/Step3.vue: {"insertSpaces":true,"tabSize":4}
app/resources/js/Pages/Calculation/Partials/Steps/Step3.vue: {"insertSpaces":true,"tabSize":4}
app/resources/js/Pages/Calculation/Partials/Steps/Step3.vue: Using EditorConfig core...
resources/js/Pages/Calculation/Partials/Steps/Step3.vue: editor.action.trimTrailingWhitespace
app/resources/js/Pages/Calculation/Partials/Steps/Step3.vue: {"insertSpaces":true,"tabSize":4}
app/resources/js/Pages/Calculation/Partials/Steps/Step3.vue: Using EditorConfig core...
resources/js/Pages/Calculation/Partials/Steps/Step3.vue: editor.action.trimTrailingWhitespace
app/resources/js/Pages/Calculation/Partials/Steps/Step3.vue: Using EditorConfig core...
resources/js/Pages/Calculation/Partials/Steps/Step3.vue: editor.action.trimTrailingWhitespace
app/resources/js/Pages/Calculation/Partials/Steps/Step3.vue: {"insertSpaces":true,"tabSize":4}
app/resources/js/Pages/Calculation/Partials/Steps/Step3.vue: Using EditorConfig core...
resources/js/Pages/Calculation/Partials/Steps/Step3.vue: editor.action.trimTrailingWhitespace
app/resources/js/Pages/Calculation/Partials/Steps/Step3.vue: Using EditorConfig core...
resources/js/Pages/Calculation/Partials/Steps/Step3.vue: editor.action.trimTrailingWhitespace
app/resources/js/Pages/Calculation/Partials/Steps/Step3.vue: {"insertSpaces":true,"tabSize":4}
app/resources/js/Pages/Calculation/Partials/Steps/Step3.vue: Using EditorConfig core...
resources/js/Pages/Calculation/Partials/Steps/Step3.vue: editor.action.trimTrailingWhitespace
app/resources/js/Pages/Calculation/Partials/Steps/Step3.vue: Using EditorConfig core...
resources/js/Pages/Calculation/Partials/Steps/Step3.vue: editor.action.trimTrailingWhitespace
app/resources/js/Pages/Calculation/Partials/Steps/Step3.vue: {"insertSpaces":true,"tabSize":4}
app/resources/js/Pages/Calculation/Partials/Steps/Step3.vue: Using EditorConfig core...
resources/js/Pages/Calculation/Partials/Steps/Step3.vue: editor.action.trimTrailingWhitespace
app/resources/js/Pages/Calculation/Partials/Steps/Step3.vue: {"insertSpaces":true,"tabSize":4}
app/resources/js/Pages/Calculation/Partials/Steps/Step3.vue: {"insertSpaces":true,"tabSize":4}
app/resources/js/Pages/Calculation/Partials/Steps/Step3.vue: {"insertSpaces":true,"tabSize":4}
app/resources/js/Pages/Calculation/Partials/Steps/Step3.vue: {"insertSpaces":true,"tabSize":4}
app/resources/js/Pages/Calculation/Partials/Steps/Step3.vue: {"insertSpaces":true,"tabSize":4}
app/resources/js/Pages/Calculation/Partials/Steps/Step3.vue: Using EditorConfig core...
resources/js/Pages/Calculation/Partials/Steps/Step3.vue: editor.action.trimTrailingWhitespace
app/resources/js/Pages/Calculation/Partials/Steps/Step3.vue: {"insertSpaces":true,"tabSize":4}
app/resources/js/Pages/Calculation/Partials/Steps/Step3.vue: Using EditorConfig core...
resources/js/Pages/Calculation/Partials/Steps/Step3.vue: editor.action.trimTrailingWhitespace
app/resources/js/Pages/Calculation/Partials/Steps/Step3.vue: {"insertSpaces":true,"tabSize":4}
app/resources/js/Pages/Calculation/Partials/Steps/Step3.vue: Using EditorConfig core...
resources/js/Pages/Calculation/Partials/Steps/Step3.vue: editor.action.trimTrailingWhitespace
app/resources/js/Pages/Calculation/Partials/Steps/Step3.vue: {"insertSpaces":true,"tabSize":4}
app/resources/js/Pages/Calculation/Partials/Steps/Step3.vue: Using EditorConfig core...
resources/js/Pages/Calculation/Partials/Steps/Step3.vue: editor.action.trimTrailingWhitespace
app/resources/js/Pages/Calculation/Partials/Steps/Step3.vue: {"insertSpaces":true,"tabSize":4}
app/resources/js/Pages/Calculation/Partials/Steps/Step3.vue: Using EditorConfig core...
resources/js/Pages/Calculation/Partials/Steps/Step3.vue: editor.action.trimTrailingWhitespace
app/resources/js/Pages/Calculation/Partials/Steps/Step3.vue: Using EditorConfig core...
resources/js/Pages/Calculation/Partials/Steps/Step3.vue: editor.action.trimTrailingWhitespace
app/resources/js/Pages/Calculation/Partials/Steps/Step3.vue: {"insertSpaces":true,"tabSize":4}
app/resources/js/Pages/Calculation/Partials/Steps/Step3.vue: Using EditorConfig core...
resources/js/Pages/Calculation/Partials/Steps/Step3.vue: editor.action.trimTrailingWhitespace
app/resources/js/Pages/Calculation/Partials/Steps/Step3.vue: {"insertSpaces":true,"tabSize":4}
app/resources/js/Pages/Calculation/Partials/Steps/Step3.vue: Using EditorConfig core...
resources/js/Pages/Calculation/Partials/Steps/Step3.vue: editor.action.trimTrailingWhitespace
app/resources/js/Pages/Calculation/Partials/Steps/Step3.vue: {"insertSpaces":true,"tabSize":4}
app/resources/js/Pages/Calculation/Partials/Steps/Step3.vue: Using EditorConfig core...
resources/js/Pages/Calculation/Partials/Steps/Step3.vue: editor.action.trimTrailingWhitespace
app/resources/js/Pages/Calculation/Partials/Steps/Step3.vue: {"insertSpaces":true,"tabSize":4}
app/resources/js/Pages/Calculation/Partials/Steps/Step3.vue: {"insertSpaces":true,"tabSize":4}
app/resources/js/Pages/Calculation/Partials/Steps/Step3.vue: Using EditorConfig core...
resources/js/Pages/Calculation/Partials/Steps/Step3.vue: editor.action.trimTrailingWhitespace
app/resources/js/Pages/Calculation/Partials/Steps/Step3.vue: Using EditorConfig core...
resources/js/Pages/Calculation/Partials/Steps/Step3.vue: editor.action.trimTrailingWhitespace
app/resources/js/Pages/Calculation/Partials/Steps/Step3.vue: {"insertSpaces":true,"tabSize":4}
app/resources/js/Pages/Calculation/Partials/Steps/Step3.vue: Using EditorConfig core...
resources/js/Pages/Calculation/Partials/Steps/Step3.vue: editor.action.trimTrailingWhitespace
app/resources/js/Pages/Calculation/Partials/Steps/Step3.vue: {"insertSpaces":true,"tabSize":4}
app/resources/js/Pages/Calculation/Partials/Steps/Step3.vue: {"insertSpaces":true,"tabSize":4}
app/resources/js/Pages/Calculation/Partials/Steps/Step3.vue: Using EditorConfig core...
resources/js/Pages/Calculation/Partials/Steps/Step3.vue: editor.action.trimTrailingWhitespace
app/resources/js/Pages/Calculation/Partials/Steps/Step3.vue: {"insertSpaces":true,"tabSize":4}
app/resources/js/Pages/Calculation/Partials/Steps/Step3.vue: {"insertSpaces":true,"tabSize":4}
app/resources/js/Pages/Calculation/Partials/Steps/Step3.vue: {"insertSpaces":true,"tabSize":4}
app/resources/js/Pages/Calculation/Partials/Steps/Step3.vue: {"insertSpaces":true,"tabSize":4}
app/resources/js/Pages/Calculation/Partials/Steps/Step3.vue: {"insertSpaces":true,"tabSize":4}
app/resources/js/Pages/Calculation/Partials/Steps/Step3.vue: Using EditorConfig core...
resources/js/Pages/Calculation/Partials/Steps/Step3.vue: editor.action.trimTrailingWhitespace
app/resources/js/Pages/Calculation/Partials/Steps/Step3.vue: {"insertSpaces":true,"tabSize":4}
app/resources/js/Pages/Calculation/Partials/Steps/Step3.vue: Using EditorConfig core...
resources/js/Pages/Calculation/Partials/Steps/Step3.vue: editor.action.trimTrailingWhitespace
app/resources/js/Pages/Calculation/Partials/Steps/Step3.vue: {"insertSpaces":true,"tabSize":4}
app/resources/js/Pages/Calculation/Partials/Steps/Step3.vue: Using EditorConfig core...
resources/js/Pages/Calculation/Partials/Steps/Step3.vue: editor.action.trimTrailingWhitespace
app/resources/js/Pages/Calculation/Partials/Steps/Step3.vue: {"insertSpaces":true,"tabSize":4}
app/resources/js/Pages/Calculation/Partials/Steps/Step3.vue: Using EditorConfig core...
resources/js/Pages/Calculation/Partials/Steps/Step3.vue: editor.action.trimTrailingWhitespace
app/resources/js/Pages/Calculation/Partials/Steps/Step3.vue: Using EditorConfig core...
resources/js/Pages/Calculation/Partials/Steps/Step3.vue: editor.action.trimTrailingWhitespace
app/resources/js/Pages/Calculation/Partials/Steps/Step3.vue: Using EditorConfig core...
resources/js/Pages/Calculation/Partials/Steps/Step3.vue: editor.action.trimTrailingWhitespace
app/resources/js/Pages/Calculation/Partials/Steps/Step3.vue: {"insertSpaces":true,"tabSize":4}
app/resources/js/Pages/Calculation/Partials/Steps/Step3.vue: {"insertSpaces":true,"tabSize":4}
app/resources/js/Pages/Calculation/Partials/Steps/Step3.vue: {"insertSpaces":true,"tabSize":4}
app/resources/js/Pages/Calculation/Partials/Steps/Step3.vue: {"insertSpaces":true,"tabSize":4}
app/resources/js/Pages/Calculation/Partials/Steps/Step3.vue: {"insertSpaces":true,"tabSize":4}
app/resources/js/Pages/Calculation/Partials/Steps/Step3.vue: Using EditorConfig core...
resources/js/Pages/Calculation/Partials/Steps/Step3.vue: editor.action.trimTrailingWhitespace
app/resources/js/Pages/Calculation/Partials/Steps/Step3.vue: {"insertSpaces":true,"tabSize":4}
app/resources/js/Pages/Calculation/Partials/Steps/Step3.vue: Using EditorConfig core...
resources/js/Pages/Calculation/Partials/Steps/Step3.vue: editor.action.trimTrailingWhitespace
app/resources/js/Pages/Calculation/Partials/Steps/Step3.vue: {"insertSpaces":true,"tabSize":4}
app/resources/js/Pages/Calculation/Partials/Steps/Step3.vue: Using EditorConfig core...
resources/js/Pages/Calculation/Partials/Steps/Step3.vue: editor.action.trimTrailingWhitespace
app/resources/js/Pages/Calculation/Partials/Steps/Step3.vue: {"insertSpaces":true,"tabSize":4}
app/resources/js/Pages/Calculation/Partials/Steps/Step3.vue: Using EditorConfig core...
resources/js/Pages/Calculation/Partials/Steps/Step3.vue: editor.action.trimTrailingWhitespace
app/resources/js/Pages/Calculation/Partials/Steps/Step3.vue: {"insertSpaces":true,"tabSize":4}
app/resources/js/Pages/Calculation/Partials/Steps/Step3.vue: Using EditorConfig core...
resources/js/Pages/Calculation/Partials/Steps/Step3.vue: editor.action.trimTrailingWhitespace
app/resources/js/Pages/Calculation/Partials/Steps/Step3.vue: Using EditorConfig core...
resources/js/Pages/Calculation/Partials/Steps/Step3.vue: editor.action.trimTrailingWhitespace
app/resources/js/Pages/Calculation/Partials/Steps/Step3.vue: {"insertSpaces":true,"tabSize":4}
app/resources/js/Pages/Calculation/Partials/Steps/Step3.vue: Using EditorConfig core...
resources/js/Pages/Calculation/Partials/Steps/Step3.vue: editor.action.trimTrailingWhitespace
app/resources/js/Pages/Calculation/Partials/Steps/Step3.vue: {"insertSpaces":true,"tabSize":4}
app/resources/js/Pages/Calculation/Partials/Steps/Step3.vue: {"insertSpaces":true,"tabSize":4}
app/resources/js/Pages/Calculation/Partials/Steps/Step3.vue: {"insertSpaces":true,"tabSize":4}
app/resources/js/Pages/Calculation/Partials/Steps/Step3.vue: {"insertSpaces":true,"tabSize":4}
app/resources/js/Pages/Calculation/Partials/Steps/Step3.vue: Using EditorConfig core...
resources/js/Pages/Calculation/Partials/Steps/Step3.vue: editor.action.trimTrailingWhitespace
app/resources/js/Pages/Calculation/Partials/Steps/Step3.vue: {"insertSpaces":true,"tabSize":4}
app/resources/js/Pages/Calculation/Partials/Steps/Step3.vue: Using EditorConfig core...
resources/js/Pages/Calculation/Partials/Steps/Step3.vue: editor.action.trimTrailingWhitespace
app/resources/js/Pages/Calculation/Partials/Steps/Step3.vue: {"insertSpaces":true,"tabSize":4}
app/resources/js/Pages/Calculation/Partials/Steps/Step3.vue: Using EditorConfig core...
resources/js/Pages/Calculation/Partials/Steps/Step3.vue: editor.action.trimTrailingWhitespace
app/resources/js/Pages/Calculation/Partials/Steps/Step3.vue: {"insertSpaces":true,"tabSize":4}
app/resources/js/Pages/Calculation/Partials/Steps/Step3.vue: Using EditorConfig core...
resources/js/Pages/Calculation/Partials/Steps/Step3.vue: editor.action.trimTrailingWhitespace
app/resources/js/Pages/Calculation/Partials/Steps/Step3.vue: {"insertSpaces":true,"tabSize":4}
app/resources/js/Pages/Calculation/Partials/Steps/Step3.vue: Using EditorConfig core...
resources/js/Pages/Calculation/Partials/Steps/Step3.vue: editor.action.trimTrailingWhitespace
app/resources/js/Pages/Calculation/Partials/Steps/Step3.vue: {"insertSpaces":true,"tabSize":4}
app/resources/js/Pages/Calculation/Partials/Steps/Step3.vue: Using EditorConfig core...
resources/js/Pages/Calculation/Partials/Steps/Step3.vue: editor.action.trimTrailingWhitespace
app/resources/js/Pages/Calculation/Partials/Steps/Step3.vue: {"insertSpaces":true,"tabSize":4}
app/resources/js/Pages/Calculation/Partials/Steps/Step3.vue: Using EditorConfig core...
resources/js/Pages/Calculation/Partials/Steps/Step3.vue: editor.action.trimTrailingWhitespace
app/resources/js/Pages/Calculation/Partials/Steps/Step3.vue: {"insertSpaces":true,"tabSize":4}
app/resources/js/Pages/Calculation/Partials/Steps/Step3.vue: Using EditorConfig core...
resources/js/Pages/Calculation/Partials/Steps/Step3.vue: editor.action.trimTrailingWhitespace
app/resources/js/Pages/Calculation/Partials/Steps/Step3.vue: {"insertSpaces":true,"tabSize":4}
app/resources/js/Pages/Calculation/Partials/Steps/Step3.vue: {"insertSpaces":true,"tabSize":4}
app/resources/js/Pages/Calculation/Partials/Steps/Step3.vue: Using EditorConfig core...
resources/js/Pages/Calculation/Partials/Steps/Step3.vue: editor.action.trimTrailingWhitespace
app/resources/js/Pages/Calculation/Partials/Steps/Step3.vue: {"insertSpaces":true,"tabSize":4}
app/resources/js/Pages/Calculation/Partials/Steps/Step3.vue: Using EditorConfig core...
resources/js/Pages/Calculation/Partials/Steps/Step3.vue: editor.action.trimTrailingWhitespace
app/resources/js/Pages/Calculation/Partials/Steps/Step3.vue: {"insertSpaces":true,"tabSize":4}
app/resources/js/Pages/Calculation/Partials/Steps/Step3.vue: {"insertSpaces":true,"tabSize":4}
app/resources/js/Pages/Calculation/Partials/Steps/Step3.vue: {"insertSpaces":true,"tabSize":4}
app/resources/js/Pages/Calculation/Partials/Steps/Step3.vue: {"insertSpaces":true,"tabSize":4}
