2024-08-02 00:36:50.690 [info] [main] Log level: Info
2024-08-02 00:36:50.690 [info] [main] Validating found git in: "git"
2024-08-02 00:36:50.690 [info] [main] Using git "2.34.1" from "git"
2024-08-02 00:36:50.690 [info] [Model][doInitialScan] Initial repository scan started
2024-08-02 00:36:50.690 [info] > git rev-parse --show-toplevel [63ms]
2024-08-02 00:36:50.698 [info] > git rev-parse --show-toplevel [31ms]
2024-08-02 00:36:50.723 [info] > git rev-parse --show-toplevel [2ms]
2024-08-02 00:36:50.748 [info] > git rev-parse --show-toplevel [6ms]
2024-08-02 00:36:50.765 [info] > git rev-parse --show-toplevel [4ms]
2024-08-02 00:36:50.797 [info] > git rev-parse --show-toplevel [13ms]
2024-08-02 00:36:50.823 [info] > git rev-parse --show-toplevel [4ms]
2024-08-02 00:36:50.838 [info] > git rev-parse --show-toplevel [2ms]
2024-08-02 00:36:50.853 [info] > git rev-parse --show-toplevel [2ms]
2024-08-02 00:36:50.877 [info] > git rev-parse --show-toplevel [6ms]
2024-08-02 00:36:50.892 [info] > git rev-parse --show-toplevel [1ms]
2024-08-02 00:36:50.904 [info] > git rev-parse --show-toplevel [1ms]
2024-08-02 00:36:50.917 [info] > git rev-parse --show-toplevel [7ms]
2024-08-02 00:36:50.935 [info] > git rev-parse --show-toplevel [2ms]
2024-08-02 00:36:50.942 [info] [Model][doInitialScan] Initial repository scan completed - repositories (0), closed repositories (0), parent repositories (1), unsafe repositories (0)
2024-08-02 00:36:50.975 [info] > git rev-parse --show-toplevel [20ms]
2024-08-02 00:36:51.440 [info] > git rev-parse --show-toplevel [4ms]
2024-08-02 00:36:51.570 [info] > git rev-parse --show-toplevel [5ms]
2024-08-02 00:36:54.138 [info] > git rev-parse --show-toplevel [41ms]
