2024-07-31 20:38:42.129 [info] Added views:workbench.panel.markers.view in workbench.panel.markers
2024-07-31 20:38:42.129 [info] Added views:workbench.panel.output in workbench.panel.output
2024-07-31 20:38:42.129 [info] Added views:terminal in terminal
2024-07-31 20:38:42.129 [info] Added views:outline in workbench.view.explorer
2024-07-31 20:38:42.129 [info] Added views:workbench.scm in workbench.view.scm
2024-07-31 20:38:42.129 [info] Added views:workbench.view.search in workbench.view.search
2024-07-31 20:38:42.129 [info] Added views:timeline in workbench.view.explorer
2024-07-31 20:38:42.129 [info] Added views:workbench.explorer.emptyView in workbench.view.explorer
2024-07-31 20:38:42.741 [info] Added views:workbench.debug.variablesView,workbench.debug.watchExpressionsView,workbench.debug.callStackView,workbench.debug.breakPointsView in workbench.view.debug
2024-07-31 20:38:43.031 [info] Added views:workbench.panel.repl.view in workbench.panel.repl
2024-07-31 20:38:43.032 [info] Removed views:workbench.debug.breakPointsView,workbench.debug.callStackView,workbench.debug.watchExpressionsView,workbench.debug.variablesView from workbench.view.debug
2024-07-31 20:38:43.032 [info] Added views:workbench.debug.welcome in workbench.view.debug
2024-07-31 20:38:43.138 [info] Added views:~remote.forwardedPorts in ~remote.forwardedPortsContainer
2024-07-31 20:39:17.249 [info] Added views:workbench.views.extensions.installed,workbench.views.extensions.popular,extensions.recommendedList in workbench.view.extensions
2024-07-31 20:39:17.251 [info] Removed views:workbench.views.extensions.popular from workbench.view.extensions
2024-07-31 20:39:17.533 [info] Added views:workbench.views.extensions.popular in workbench.view.extensions
2024-07-31 20:39:54.765 [info] Removed views:extensions.recommendedList,workbench.views.extensions.popular,workbench.views.extensions.installed from workbench.view.extensions
2024-07-31 20:39:54.787 [info] Added views:workbench.views.extensions.marketplace in workbench.view.extensions
2024-07-31 20:43:01.811 [info] Added views:workbench.panel.markers.view in workbench.panel.markers
2024-07-31 20:43:01.811 [info] Added views:workbench.panel.output in workbench.panel.output
2024-07-31 20:43:01.811 [info] Added views:terminal in terminal
2024-07-31 20:43:01.811 [info] Added views:outline in workbench.view.explorer
2024-07-31 20:43:01.811 [info] Added views:workbench.scm in workbench.view.scm
2024-07-31 20:43:01.811 [info] Added views:workbench.view.search in workbench.view.search
2024-07-31 20:43:01.811 [info] Added views:timeline in workbench.view.explorer
2024-07-31 20:43:01.811 [info] Added views:workbench.explorer.fileView in workbench.view.explorer
2024-07-31 20:43:02.557 [info] Added views:workbench.debug.variablesView,workbench.debug.watchExpressionsView,workbench.debug.callStackView,workbench.debug.breakPointsView in workbench.view.debug
2024-07-31 20:43:02.619 [info] Added views:workbench.panel.repl.view in workbench.panel.repl
2024-07-31 20:43:02.621 [info] Removed views:workbench.debug.breakPointsView,workbench.debug.callStackView,workbench.debug.watchExpressionsView,workbench.debug.variablesView from workbench.view.debug
2024-07-31 20:43:02.623 [info] Added views:workbench.debug.welcome in workbench.view.debug
2024-07-31 20:43:02.804 [info] Added views:~remote.forwardedPorts in ~remote.forwardedPortsContainer
2024-07-31 20:43:15.279 [info] Added views:workbench.views.extensions.installed,workbench.views.extensions.popular,extensions.recommendedList in workbench.view.extensions
2024-07-31 20:43:15.285 [info] Removed views:workbench.views.extensions.popular from workbench.view.extensions
2024-07-31 20:43:15.870 [info] Removed views:extensions.recommendedList,workbench.views.extensions.installed from workbench.view.extensions
2024-07-31 20:43:15.880 [info] Added views:workbench.views.extensions.marketplace in workbench.view.extensions
2024-07-31 20:44:39.647 [info] Removed views:outline from workbench.view.explorer
2024-07-31 20:44:41.112 [info] Removed views:timeline from workbench.view.explorer
2024-07-31 22:00:26.383 [info] Added views:devdb in workbench.view.extension.devdb-container
2024-07-31 22:00:41.562 [info] Removed views:workbench.views.extensions.marketplace from workbench.view.extensions
2024-07-31 22:00:41.577 [info] Added views:workbench.views.extensions.installed,extensions.recommendedList in workbench.view.extensions
2024-07-31 22:00:45.077 [info] Removed views:devdb from workbench.view.extension.devdb-container
2024-07-31 22:00:45.096 [info] Added views:devdb in workbench.view.explorer
2024-07-31 22:00:45.106 [info] Removed views:devdb from workbench.view.explorer
2024-07-31 22:20:29.658 [info] Removed views:extensions.recommendedList,workbench.views.extensions.installed from workbench.view.extensions
2024-07-31 22:20:29.672 [info] Added views:workbench.views.extensions.marketplace in workbench.view.extensions
