2024-08-02 00:36:54.342 [info] Reading sessions from keychain...
2024-08-02 00:36:54.342 [info] Got stored sessions!
2024-08-02 00:36:54.342 [info] Got 1 verified sessions.
2024-08-02 00:36:54.342 [info] Getting sessions for read:user,repo,user:email,workflow...
2024-08-02 00:36:54.342 [info] Got 0 sessions for read:user,repo,user:email,workflow...
2024-08-02 00:36:54.342 [info] Getting sessions for read:user,repo,user:email,workflow...
2024-08-02 00:36:54.342 [info] Got 0 sessions for read:user,repo,user:email,workflow...
2024-08-02 00:36:54.342 [info] Getting sessions for read:user...
2024-08-02 00:36:54.342 [info] Got 0 sessions for read:user...
2024-08-02 00:36:54.342 [info] Getting sessions for user:email...
2024-08-02 00:36:54.342 [info] Got 1 sessions for user:email...
2024-08-02 00:36:54.344 [info] Getting sessions for read:user...
2024-08-02 00:36:54.344 [info] Got 0 sessions for read:user...
2024-08-02 00:36:54.640 [info] Getting sessions for user:email...
2024-08-02 00:36:54.641 [info] Got 1 sessions for user:email...
2024-08-02 00:36:56.534 [info] Getting sessions for read:user,repo,user:email,workflow...
2024-08-02 00:36:56.534 [info] Got 0 sessions for read:user,repo,user:email,workflow...
2024-08-02 00:36:56.535 [info] Getting sessions for read:user...
2024-08-02 00:36:56.535 [info] Got 0 sessions for read:user...
2024-08-02 00:36:56.536 [info] Getting sessions for user:email...
2024-08-02 00:36:56.536 [info] Got 1 sessions for user:email...
2024-08-02 00:36:56.748 [info] Getting sessions for read:user,repo,user:email,workflow...
2024-08-02 00:36:56.748 [info] Got 0 sessions for read:user,repo,user:email,workflow...
2024-08-02 00:36:56.749 [info] Getting sessions for read:user...
2024-08-02 00:36:56.749 [info] Got 0 sessions for read:user...
2024-08-02 00:36:56.753 [info] Getting sessions for user:email...
2024-08-02 00:36:56.753 [info] Got 1 sessions for user:email...
