2024-08-01 12:15:50.054 [info] Reading sessions from keychain...
2024-08-01 12:15:50.054 [info] Getting sessions for all scopes...
2024-08-01 12:15:50.054 [info] Got 0 sessions for ...
2024-08-01 12:15:50.054 [info] Getting sessions for read:user,repo,user:email,workflow...
2024-08-01 12:15:50.054 [info] Got 0 sessions for read:user,repo,user:email,workflow...
2024-08-01 12:15:50.054 [info] Getting sessions for read:user...
2024-08-01 12:15:50.054 [info] Got 0 sessions for read:user...
2024-08-01 12:15:50.054 [info] Getting sessions for user:email...
2024-08-01 12:15:50.054 [info] Got 0 sessions for user:email...
2024-08-01 12:15:50.054 [info] Getting sessions for read:user,repo,user:email,workflow...
2024-08-01 12:15:50.054 [info] Got 0 sessions for read:user,repo,user:email,workflow...
2024-08-01 12:15:50.066 [info] Getting sessions for read:user,repo,user:email,workflow...
2024-08-01 12:15:50.066 [info] Got 0 sessions for read:user,repo,user:email,workflow...
2024-08-01 12:15:50.067 [info] Getting sessions for read:user...
2024-08-01 12:15:50.067 [info] Got 0 sessions for read:user...
2024-08-01 12:15:50.067 [info] Getting sessions for user:email...
2024-08-01 12:15:50.067 [info] Got 0 sessions for user:email...
2024-08-01 12:15:50.070 [info] Getting sessions for read:user...
2024-08-01 12:15:50.070 [info] Got 0 sessions for read:user...
2024-08-01 12:15:50.079 [info] Getting sessions for user:email...
2024-08-01 12:15:50.079 [info] Got 0 sessions for user:email...
2024-08-01 12:15:51.892 [info] Getting sessions for read:user,repo,user:email,workflow...
2024-08-01 12:15:51.892 [info] Got 0 sessions for read:user,repo,user:email,workflow...
2024-08-01 12:15:51.894 [info] Getting sessions for read:user...
2024-08-01 12:15:51.894 [info] Got 0 sessions for read:user...
2024-08-01 12:15:51.895 [info] Getting sessions for user:email...
2024-08-01 12:15:51.895 [info] Got 0 sessions for user:email...
2024-08-01 12:15:51.898 [info] Getting sessions for read:user,repo,user:email,workflow...
2024-08-01 12:15:51.898 [info] Got 0 sessions for read:user,repo,user:email,workflow...
2024-08-01 12:15:51.899 [info] Getting sessions for read:user...
2024-08-01 12:15:51.899 [info] Got 0 sessions for read:user...
2024-08-01 12:15:51.899 [info] Getting sessions for user:email...
2024-08-01 12:15:51.900 [info] Got 0 sessions for user:email...
2024-08-01 12:15:52.797 [info] Logging in for the following scopes: user:email
2024-08-01 12:15:52.808 [info] Trying without local server... (user:email)
2024-08-01 12:16:04.535 [info] Exchanging code for token...
2024-08-01 12:16:04.830 [info] Token exchange success!
2024-08-01 12:16:04.832 [info] Getting user info...
2024-08-01 12:16:05.206 [info] Got account info!
2024-08-01 12:16:05.207 [info] Storing 1 sessions...
2024-08-01 12:16:07.124 [info] Reading sessions from keychain...
2024-08-01 12:16:07.124 [info] Stored 1 sessions!
2024-08-01 12:16:07.124 [info] Login success!
2024-08-01 12:16:07.180 [info] Got stored sessions!
2024-08-01 12:16:07.180 [info] Got 1 verified sessions.
2024-08-01 12:16:07.182 [info] Getting sessions for read:user,repo,user:email,workflow...
2024-08-01 12:16:07.182 [info] Got 0 sessions for read:user,repo,user:email,workflow...
2024-08-01 12:16:07.182 [info] Getting sessions for read:user...
2024-08-01 12:16:07.182 [info] Got 0 sessions for read:user...
2024-08-01 12:16:07.182 [info] Getting sessions for user:email...
2024-08-01 12:16:07.182 [info] Got 1 sessions for user:email...
2024-08-01 12:16:07.182 [info] Getting sessions for read:user,repo,user:email,workflow...
2024-08-01 12:16:07.182 [info] Got 0 sessions for read:user,repo,user:email,workflow...
2024-08-01 12:16:07.185 [info] Getting sessions for read:user,repo,user:email,workflow...
2024-08-01 12:16:07.185 [info] Got 0 sessions for read:user,repo,user:email,workflow...
2024-08-01 12:16:07.185 [info] Getting sessions for read:user...
2024-08-01 12:16:07.185 [info] Got 0 sessions for read:user...
2024-08-01 12:16:07.185 [info] Getting sessions for user:email...
2024-08-01 12:16:07.185 [info] Got 1 sessions for user:email...
2024-08-01 12:16:07.185 [info] Getting sessions for read:user...
2024-08-01 12:16:07.185 [info] Got 0 sessions for read:user...
2024-08-01 12:16:07.190 [info] Getting sessions for user:email...
2024-08-01 12:16:07.190 [info] Got 1 sessions for user:email...
2024-08-01 12:16:07.239 [info] Getting sessions for read:user,repo,user:email,workflow...
2024-08-01 12:16:07.239 [info] Got 0 sessions for read:user,repo,user:email,workflow...
2024-08-01 12:16:07.240 [info] Getting sessions for read:user...
2024-08-01 12:16:07.240 [info] Got 0 sessions for read:user...
2024-08-01 12:16:07.241 [info] Getting sessions for user:email...
2024-08-01 12:16:07.241 [info] Got 1 sessions for user:email...
2024-08-01 12:16:07.653 [info] Getting sessions for read:user,repo,user:email,workflow...
2024-08-01 12:16:07.653 [info] Got 0 sessions for read:user,repo,user:email,workflow...
2024-08-01 12:16:07.654 [info] Getting sessions for read:user...
2024-08-01 12:16:07.654 [info] Got 0 sessions for read:user...
2024-08-01 12:16:07.654 [info] Getting sessions for user:email...
2024-08-01 12:16:07.654 [info] Got 1 sessions for user:email...
2024-08-01 12:16:07.689 [info] Getting sessions for read:user,repo,user:email,workflow...
2024-08-01 12:16:07.689 [info] Got 0 sessions for read:user,repo,user:email,workflow...
2024-08-01 12:16:07.694 [info] Getting sessions for read:user...
2024-08-01 12:16:07.694 [info] Got 0 sessions for read:user...
2024-08-01 12:16:07.694 [info] Getting sessions for user:email...
2024-08-01 12:16:07.694 [info] Got 1 sessions for user:email...
2024-08-01 12:41:07.605 [info] Getting sessions for read:user,repo,user:email,workflow...
2024-08-01 12:41:07.605 [info] Got 0 sessions for read:user,repo,user:email,workflow...
2024-08-01 12:41:07.606 [info] Getting sessions for read:user...
2024-08-01 12:41:07.606 [info] Got 0 sessions for read:user...
2024-08-01 12:41:07.606 [info] Getting sessions for user:email...
2024-08-01 12:41:07.606 [info] Got 1 sessions for user:email...
2024-08-01 12:41:07.672 [info] Getting sessions for read:user,repo,user:email,workflow...
2024-08-01 12:41:07.672 [info] Got 0 sessions for read:user,repo,user:email,workflow...
2024-08-01 12:41:07.674 [info] Getting sessions for read:user...
2024-08-01 12:41:07.674 [info] Got 0 sessions for read:user...
2024-08-01 12:41:07.675 [info] Getting sessions for user:email...
2024-08-01 12:41:07.675 [info] Got 1 sessions for user:email...
2024-08-01 12:41:08.024 [info] Getting sessions for read:user,repo,user:email,workflow...
2024-08-01 12:41:08.024 [info] Got 0 sessions for read:user,repo,user:email,workflow...
2024-08-01 12:41:08.025 [info] Getting sessions for read:user...
2024-08-01 12:41:08.025 [info] Got 0 sessions for read:user...
2024-08-01 12:41:08.025 [info] Getting sessions for user:email...
2024-08-01 12:41:08.025 [info] Got 1 sessions for user:email...
2024-08-01 13:06:08.035 [info] Getting sessions for read:user,repo,user:email,workflow...
2024-08-01 13:06:08.035 [info] Got 0 sessions for read:user,repo,user:email,workflow...
2024-08-01 13:06:08.036 [info] Getting sessions for read:user...
2024-08-01 13:06:08.036 [info] Got 0 sessions for read:user...
2024-08-01 13:06:08.036 [info] Getting sessions for user:email...
2024-08-01 13:06:08.036 [info] Got 1 sessions for user:email...
2024-08-01 13:06:08.100 [info] Getting sessions for read:user,repo,user:email,workflow...
2024-08-01 13:06:08.101 [info] Got 0 sessions for read:user,repo,user:email,workflow...
2024-08-01 13:06:08.102 [info] Getting sessions for read:user...
2024-08-01 13:06:08.102 [info] Got 0 sessions for read:user...
2024-08-01 13:06:08.103 [info] Getting sessions for user:email...
2024-08-01 13:06:08.103 [info] Got 1 sessions for user:email...
2024-08-01 13:06:08.442 [info] Getting sessions for read:user,repo,user:email,workflow...
2024-08-01 13:06:08.442 [info] Got 0 sessions for read:user,repo,user:email,workflow...
2024-08-01 13:06:08.443 [info] Getting sessions for read:user...
2024-08-01 13:06:08.443 [info] Got 0 sessions for read:user...
2024-08-01 13:06:08.443 [info] Getting sessions for user:email...
2024-08-01 13:06:08.443 [info] Got 1 sessions for user:email...
2024-08-01 13:31:08.423 [info] Getting sessions for read:user,repo,user:email,workflow...
2024-08-01 13:31:08.423 [info] Got 0 sessions for read:user,repo,user:email,workflow...
2024-08-01 13:31:08.427 [info] Getting sessions for read:user...
2024-08-01 13:31:08.427 [info] Got 0 sessions for read:user...
2024-08-01 13:31:08.431 [info] Getting sessions for user:email...
2024-08-01 13:31:08.431 [info] Got 1 sessions for user:email...
2024-08-01 13:31:08.550 [info] Getting sessions for read:user,repo,user:email,workflow...
2024-08-01 13:31:08.550 [info] Got 0 sessions for read:user,repo,user:email,workflow...
2024-08-01 13:31:08.550 [info] Getting sessions for read:user...
2024-08-01 13:31:08.550 [info] Got 0 sessions for read:user...
2024-08-01 13:31:08.550 [info] Getting sessions for user:email...
2024-08-01 13:31:08.550 [info] Got 1 sessions for user:email...
2024-08-01 13:31:08.882 [info] Getting sessions for read:user,repo,user:email,workflow...
2024-08-01 13:31:08.882 [info] Got 0 sessions for read:user,repo,user:email,workflow...
2024-08-01 13:31:08.882 [info] Getting sessions for read:user...
2024-08-01 13:31:08.882 [info] Got 0 sessions for read:user...
2024-08-01 13:31:08.882 [info] Getting sessions for user:email...
2024-08-01 13:31:08.882 [info] Got 1 sessions for user:email...
2024-08-01 13:56:08.871 [info] Getting sessions for read:user,repo,user:email,workflow...
2024-08-01 13:56:08.871 [info] Got 0 sessions for read:user,repo,user:email,workflow...
2024-08-01 13:56:08.875 [info] Getting sessions for read:user...
2024-08-01 13:56:08.875 [info] Got 0 sessions for read:user...
2024-08-01 13:56:08.878 [info] Getting sessions for user:email...
2024-08-01 13:56:08.879 [info] Got 1 sessions for user:email...
2024-08-01 13:56:08.976 [info] Getting sessions for read:user,repo,user:email,workflow...
2024-08-01 13:56:08.976 [info] Got 0 sessions for read:user,repo,user:email,workflow...
2024-08-01 13:56:08.976 [info] Getting sessions for read:user...
2024-08-01 13:56:08.976 [info] Got 0 sessions for read:user...
2024-08-01 13:56:08.976 [info] Getting sessions for user:email...
2024-08-01 13:56:08.976 [info] Got 1 sessions for user:email...
2024-08-01 13:56:09.337 [info] Getting sessions for read:user,repo,user:email,workflow...
2024-08-01 13:56:09.337 [info] Got 0 sessions for read:user,repo,user:email,workflow...
2024-08-01 13:56:09.338 [info] Getting sessions for read:user...
2024-08-01 13:56:09.338 [info] Got 0 sessions for read:user...
2024-08-01 13:56:09.338 [info] Getting sessions for user:email...
2024-08-01 13:56:09.338 [info] Got 1 sessions for user:email...
2024-08-01 14:21:09.307 [info] Getting sessions for read:user,repo,user:email,workflow...
2024-08-01 14:21:09.307 [info] Got 0 sessions for read:user,repo,user:email,workflow...
2024-08-01 14:21:09.311 [info] Getting sessions for read:user...
2024-08-01 14:21:09.311 [info] Got 0 sessions for read:user...
2024-08-01 14:21:09.315 [info] Getting sessions for user:email...
2024-08-01 14:21:09.315 [info] Got 1 sessions for user:email...
2024-08-01 14:21:09.453 [info] Getting sessions for read:user,repo,user:email,workflow...
2024-08-01 14:21:09.453 [info] Got 0 sessions for read:user,repo,user:email,workflow...
2024-08-01 14:21:09.454 [info] Getting sessions for read:user...
2024-08-01 14:21:09.454 [info] Got 0 sessions for read:user...
2024-08-01 14:21:09.454 [info] Getting sessions for user:email...
2024-08-01 14:21:09.454 [info] Got 1 sessions for user:email...
2024-08-01 14:21:09.835 [info] Getting sessions for read:user,repo,user:email,workflow...
2024-08-01 14:21:09.835 [info] Got 0 sessions for read:user,repo,user:email,workflow...
2024-08-01 14:21:09.835 [info] Getting sessions for read:user...
2024-08-01 14:21:09.835 [info] Got 0 sessions for read:user...
2024-08-01 14:21:09.835 [info] Getting sessions for user:email...
2024-08-01 14:21:09.835 [info] Got 1 sessions for user:email...
2024-08-01 14:46:09.792 [info] Getting sessions for read:user,repo,user:email,workflow...
2024-08-01 14:46:09.792 [info] Got 0 sessions for read:user,repo,user:email,workflow...
2024-08-01 14:46:09.800 [info] Getting sessions for read:user...
2024-08-01 14:46:09.800 [info] Got 0 sessions for read:user...
2024-08-01 14:46:09.807 [info] Getting sessions for user:email...
2024-08-01 14:46:09.807 [info] Got 1 sessions for user:email...
2024-08-01 14:46:09.951 [info] Getting sessions for read:user,repo,user:email,workflow...
2024-08-01 14:46:09.952 [info] Got 0 sessions for read:user,repo,user:email,workflow...
2024-08-01 14:46:09.952 [info] Getting sessions for read:user...
2024-08-01 14:46:09.952 [info] Got 0 sessions for read:user...
2024-08-01 14:46:09.952 [info] Getting sessions for user:email...
2024-08-01 14:46:09.953 [info] Got 1 sessions for user:email...
2024-08-01 14:46:10.273 [info] Getting sessions for read:user,repo,user:email,workflow...
2024-08-01 14:46:10.273 [info] Got 0 sessions for read:user,repo,user:email,workflow...
2024-08-01 14:46:10.273 [info] Getting sessions for read:user...
2024-08-01 14:46:10.273 [info] Got 0 sessions for read:user...
2024-08-01 14:46:10.274 [info] Getting sessions for user:email...
2024-08-01 14:46:10.274 [info] Got 1 sessions for user:email...
2024-08-01 15:11:10.275 [info] Getting sessions for read:user,repo,user:email,workflow...
2024-08-01 15:11:10.275 [info] Got 0 sessions for read:user,repo,user:email,workflow...
2024-08-01 15:11:10.276 [info] Getting sessions for read:user...
2024-08-01 15:11:10.276 [info] Got 0 sessions for read:user...
2024-08-01 15:11:10.276 [info] Getting sessions for user:email...
2024-08-01 15:11:10.276 [info] Got 1 sessions for user:email...
2024-08-01 15:11:10.343 [info] Getting sessions for read:user,repo,user:email,workflow...
2024-08-01 15:11:10.343 [info] Got 0 sessions for read:user,repo,user:email,workflow...
2024-08-01 15:11:10.345 [info] Getting sessions for read:user...
2024-08-01 15:11:10.345 [info] Got 0 sessions for read:user...
2024-08-01 15:11:10.346 [info] Getting sessions for user:email...
2024-08-01 15:11:10.346 [info] Got 1 sessions for user:email...
2024-08-01 15:11:10.727 [info] Getting sessions for read:user,repo,user:email,workflow...
2024-08-01 15:11:10.727 [info] Got 0 sessions for read:user,repo,user:email,workflow...
2024-08-01 15:11:10.728 [info] Getting sessions for read:user...
2024-08-01 15:11:10.728 [info] Got 0 sessions for read:user...
2024-08-01 15:11:10.728 [info] Getting sessions for user:email...
2024-08-01 15:11:10.728 [info] Got 1 sessions for user:email...
2024-08-01 15:36:10.721 [info] Getting sessions for read:user,repo,user:email,workflow...
2024-08-01 15:36:10.721 [info] Got 0 sessions for read:user,repo,user:email,workflow...
2024-08-01 15:36:10.721 [info] Getting sessions for read:user...
2024-08-01 15:36:10.721 [info] Got 0 sessions for read:user...
2024-08-01 15:36:10.722 [info] Getting sessions for user:email...
2024-08-01 15:36:10.722 [info] Got 1 sessions for user:email...
2024-08-01 15:36:10.839 [info] Getting sessions for read:user,repo,user:email,workflow...
2024-08-01 15:36:10.839 [info] Got 0 sessions for read:user,repo,user:email,workflow...
2024-08-01 15:36:10.840 [info] Getting sessions for read:user...
2024-08-01 15:36:10.840 [info] Got 0 sessions for read:user...
2024-08-01 15:36:10.841 [info] Getting sessions for user:email...
2024-08-01 15:36:10.841 [info] Got 1 sessions for user:email...
2024-08-01 15:36:11.212 [info] Getting sessions for read:user,repo,user:email,workflow...
2024-08-01 15:36:11.212 [info] Got 0 sessions for read:user,repo,user:email,workflow...
2024-08-01 15:36:11.213 [info] Getting sessions for read:user...
2024-08-01 15:36:11.213 [info] Got 0 sessions for read:user...
2024-08-01 15:36:11.213 [info] Getting sessions for user:email...
2024-08-01 15:36:11.213 [info] Got 1 sessions for user:email...
2024-08-01 16:01:11.203 [info] Getting sessions for read:user,repo,user:email,workflow...
2024-08-01 16:01:11.203 [info] Got 0 sessions for read:user,repo,user:email,workflow...
2024-08-01 16:01:11.204 [info] Getting sessions for read:user...
2024-08-01 16:01:11.204 [info] Got 0 sessions for read:user...
2024-08-01 16:01:11.204 [info] Getting sessions for user:email...
2024-08-01 16:01:11.204 [info] Got 1 sessions for user:email...
2024-08-01 16:01:11.240 [info] Getting sessions for read:user,repo,user:email,workflow...
2024-08-01 16:01:11.241 [info] Got 0 sessions for read:user,repo,user:email,workflow...
2024-08-01 16:01:11.242 [info] Getting sessions for read:user...
2024-08-01 16:01:11.242 [info] Got 0 sessions for read:user...
2024-08-01 16:01:11.243 [info] Getting sessions for user:email...
2024-08-01 16:01:11.243 [info] Got 1 sessions for user:email...
2024-08-01 16:01:11.582 [info] Getting sessions for read:user,repo,user:email,workflow...
2024-08-01 16:01:11.582 [info] Got 0 sessions for read:user,repo,user:email,workflow...
2024-08-01 16:01:11.582 [info] Getting sessions for read:user...
2024-08-01 16:01:11.582 [info] Got 0 sessions for read:user...
2024-08-01 16:01:11.582 [info] Getting sessions for user:email...
2024-08-01 16:01:11.582 [info] Got 1 sessions for user:email...
2024-08-01 16:26:11.589 [info] Getting sessions for read:user,repo,user:email,workflow...
2024-08-01 16:26:11.589 [info] Got 0 sessions for read:user,repo,user:email,workflow...
2024-08-01 16:26:11.589 [info] Getting sessions for read:user...
2024-08-01 16:26:11.589 [info] Got 0 sessions for read:user...
2024-08-01 16:26:11.590 [info] Getting sessions for user:email...
2024-08-01 16:26:11.590 [info] Got 1 sessions for user:email...
2024-08-01 16:26:11.629 [info] Getting sessions for read:user,repo,user:email,workflow...
2024-08-01 16:26:11.629 [info] Got 0 sessions for read:user,repo,user:email,workflow...
2024-08-01 16:26:11.633 [info] Getting sessions for read:user...
2024-08-01 16:26:11.633 [info] Got 0 sessions for read:user...
2024-08-01 16:26:11.636 [info] Getting sessions for user:email...
2024-08-01 16:26:11.636 [info] Got 1 sessions for user:email...
2024-08-01 16:26:11.983 [info] Getting sessions for read:user,repo,user:email,workflow...
2024-08-01 16:26:11.983 [info] Got 0 sessions for read:user,repo,user:email,workflow...
2024-08-01 16:26:11.983 [info] Getting sessions for read:user...
2024-08-01 16:26:11.983 [info] Got 0 sessions for read:user...
2024-08-01 16:26:11.984 [info] Getting sessions for user:email...
2024-08-01 16:26:11.984 [info] Got 1 sessions for user:email...
2024-08-01 16:51:12.079 [info] Getting sessions for read:user,repo,user:email,workflow...
2024-08-01 16:51:12.079 [info] Got 0 sessions for read:user,repo,user:email,workflow...
2024-08-01 16:51:12.079 [info] Getting sessions for read:user...
2024-08-01 16:51:12.079 [info] Got 0 sessions for read:user...
2024-08-01 16:51:12.080 [info] Getting sessions for user:email...
2024-08-01 16:51:12.080 [info] Got 1 sessions for user:email...
2024-08-01 16:51:12.080 [info] Getting sessions for read:user,repo,user:email,workflow...
2024-08-01 16:51:12.080 [info] Got 0 sessions for read:user,repo,user:email,workflow...
2024-08-01 16:51:12.127 [info] Getting sessions for read:user...
2024-08-01 16:51:12.127 [info] Got 0 sessions for read:user...
2024-08-01 16:51:12.129 [info] Getting sessions for user:email...
2024-08-01 16:51:12.129 [info] Got 1 sessions for user:email...
2024-08-01 16:51:12.550 [info] Getting sessions for read:user,repo,user:email,workflow...
2024-08-01 16:51:12.550 [info] Got 0 sessions for read:user,repo,user:email,workflow...
2024-08-01 16:51:12.551 [info] Getting sessions for read:user...
2024-08-01 16:51:12.551 [info] Got 0 sessions for read:user...
2024-08-01 16:51:12.551 [info] Getting sessions for user:email...
2024-08-01 16:51:12.551 [info] Got 1 sessions for user:email...
2024-08-01 17:16:12.466 [info] Getting sessions for read:user,repo,user:email,workflow...
2024-08-01 17:16:12.467 [info] Got 0 sessions for read:user,repo,user:email,workflow...
2024-08-01 17:16:12.470 [info] Getting sessions for read:user...
2024-08-01 17:16:12.470 [info] Got 0 sessions for read:user...
2024-08-01 17:16:12.474 [info] Getting sessions for user:email...
2024-08-01 17:16:12.474 [info] Got 1 sessions for user:email...
2024-08-01 17:16:12.549 [info] Getting sessions for read:user,repo,user:email,workflow...
2024-08-01 17:16:12.549 [info] Got 0 sessions for read:user,repo,user:email,workflow...
2024-08-01 17:16:12.549 [info] Getting sessions for read:user...
2024-08-01 17:16:12.549 [info] Got 0 sessions for read:user...
2024-08-01 17:16:12.549 [info] Getting sessions for user:email...
2024-08-01 17:16:12.549 [info] Got 1 sessions for user:email...
2024-08-01 17:16:12.876 [info] Getting sessions for read:user,repo,user:email,workflow...
2024-08-01 17:16:12.876 [info] Got 0 sessions for read:user,repo,user:email,workflow...
2024-08-01 17:16:12.876 [info] Getting sessions for read:user...
2024-08-01 17:16:12.876 [info] Got 0 sessions for read:user...
2024-08-01 17:16:12.877 [info] Getting sessions for user:email...
2024-08-01 17:16:12.877 [info] Got 1 sessions for user:email...
2024-08-01 17:41:12.953 [info] Getting sessions for read:user,repo,user:email,workflow...
2024-08-01 17:41:12.953 [info] Got 0 sessions for read:user,repo,user:email,workflow...
2024-08-01 17:41:12.954 [info] Getting sessions for read:user,repo,user:email,workflow...
2024-08-01 17:41:12.954 [info] Got 0 sessions for read:user,repo,user:email,workflow...
2024-08-01 17:41:12.954 [info] Getting sessions for read:user...
2024-08-01 17:41:12.954 [info] Got 0 sessions for read:user...
2024-08-01 17:41:12.955 [info] Getting sessions for user:email...
2024-08-01 17:41:12.955 [info] Got 1 sessions for user:email...
2024-08-01 17:41:12.959 [info] Getting sessions for read:user...
2024-08-01 17:41:12.959 [info] Got 0 sessions for read:user...
2024-08-01 17:41:12.960 [info] Getting sessions for user:email...
2024-08-01 17:41:12.960 [info] Got 1 sessions for user:email...
2024-08-01 17:41:13.298 [info] Getting sessions for read:user,repo,user:email,workflow...
2024-08-01 17:41:13.298 [info] Got 0 sessions for read:user,repo,user:email,workflow...
2024-08-01 17:41:13.299 [info] Getting sessions for read:user...
2024-08-01 17:41:13.299 [info] Got 0 sessions for read:user...
2024-08-01 17:41:13.299 [info] Getting sessions for user:email...
2024-08-01 17:41:13.299 [info] Got 1 sessions for user:email...
2024-08-01 18:06:13.394 [info] Getting sessions for read:user,repo,user:email,workflow...
2024-08-01 18:06:13.394 [info] Got 0 sessions for read:user,repo,user:email,workflow...
2024-08-01 18:06:13.394 [info] Getting sessions for read:user...
2024-08-01 18:06:13.394 [info] Got 0 sessions for read:user...
2024-08-01 18:06:13.395 [info] Getting sessions for user:email...
2024-08-01 18:06:13.395 [info] Got 1 sessions for user:email...
2024-08-01 18:06:13.395 [info] Getting sessions for read:user,repo,user:email,workflow...
2024-08-01 18:06:13.395 [info] Got 0 sessions for read:user,repo,user:email,workflow...
2024-08-01 18:06:13.399 [info] Getting sessions for read:user...
2024-08-01 18:06:13.399 [info] Got 0 sessions for read:user...
2024-08-01 18:06:13.401 [info] Getting sessions for user:email...
2024-08-01 18:06:13.401 [info] Got 1 sessions for user:email...
2024-08-01 18:06:13.720 [info] Getting sessions for read:user,repo,user:email,workflow...
2024-08-01 18:06:13.720 [info] Got 0 sessions for read:user,repo,user:email,workflow...
2024-08-01 18:06:13.721 [info] Getting sessions for read:user...
2024-08-01 18:06:13.721 [info] Got 0 sessions for read:user...
2024-08-01 18:06:13.721 [info] Getting sessions for user:email...
2024-08-01 18:06:13.721 [info] Got 1 sessions for user:email...
2024-08-01 18:31:13.715 [info] Getting sessions for read:user,repo,user:email,workflow...
2024-08-01 18:31:13.715 [info] Got 0 sessions for read:user,repo,user:email,workflow...
2024-08-01 18:31:13.716 [info] Getting sessions for read:user...
2024-08-01 18:31:13.716 [info] Got 0 sessions for read:user...
2024-08-01 18:31:13.716 [info] Getting sessions for user:email...
2024-08-01 18:31:13.716 [info] Got 1 sessions for user:email...
2024-08-01 18:31:13.758 [info] Getting sessions for read:user,repo,user:email,workflow...
2024-08-01 18:31:13.758 [info] Got 0 sessions for read:user,repo,user:email,workflow...
2024-08-01 18:31:13.762 [info] Getting sessions for read:user...
2024-08-01 18:31:13.762 [info] Got 0 sessions for read:user...
2024-08-01 18:31:13.765 [info] Getting sessions for user:email...
2024-08-01 18:31:13.765 [info] Got 1 sessions for user:email...
2024-08-01 18:31:14.078 [info] Getting sessions for read:user,repo,user:email,workflow...
2024-08-01 18:31:14.078 [info] Got 0 sessions for read:user,repo,user:email,workflow...
2024-08-01 18:31:14.078 [info] Getting sessions for read:user...
2024-08-01 18:31:14.078 [info] Got 0 sessions for read:user...
2024-08-01 18:31:14.079 [info] Getting sessions for user:email...
2024-08-01 18:31:14.079 [info] Got 1 sessions for user:email...
2024-08-01 18:56:14.167 [info] Getting sessions for read:user,repo,user:email,workflow...
2024-08-01 18:56:14.167 [info] Got 0 sessions for read:user,repo,user:email,workflow...
2024-08-01 18:56:14.167 [info] Getting sessions for read:user...
2024-08-01 18:56:14.167 [info] Got 0 sessions for read:user...
2024-08-01 18:56:14.168 [info] Getting sessions for user:email...
2024-08-01 18:56:14.168 [info] Got 1 sessions for user:email...
2024-08-01 18:56:14.168 [info] Getting sessions for read:user,repo,user:email,workflow...
2024-08-01 18:56:14.168 [info] Got 0 sessions for read:user,repo,user:email,workflow...
2024-08-01 18:56:14.177 [info] Getting sessions for read:user...
2024-08-01 18:56:14.178 [info] Got 0 sessions for read:user...
2024-08-01 18:56:14.181 [info] Getting sessions for user:email...
2024-08-01 18:56:14.181 [info] Got 1 sessions for user:email...
2024-08-01 18:56:14.536 [info] Getting sessions for read:user,repo,user:email,workflow...
2024-08-01 18:56:14.536 [info] Got 0 sessions for read:user,repo,user:email,workflow...
2024-08-01 18:56:14.536 [info] Getting sessions for read:user...
2024-08-01 18:56:14.536 [info] Got 0 sessions for read:user...
2024-08-01 18:56:14.536 [info] Getting sessions for user:email...
2024-08-01 18:56:14.536 [info] Got 1 sessions for user:email...
2024-08-01 19:21:14.624 [info] Getting sessions for read:user,repo,user:email,workflow...
2024-08-01 19:21:14.625 [info] Got 0 sessions for read:user,repo,user:email,workflow...
2024-08-01 19:21:14.625 [info] Getting sessions for read:user...
2024-08-01 19:21:14.625 [info] Got 0 sessions for read:user...
2024-08-01 19:21:14.625 [info] Getting sessions for user:email...
2024-08-01 19:21:14.626 [info] Got 1 sessions for user:email...
2024-08-01 19:21:14.626 [info] Getting sessions for read:user,repo,user:email,workflow...
2024-08-01 19:21:14.626 [info] Got 0 sessions for read:user,repo,user:email,workflow...
2024-08-01 19:21:14.630 [info] Getting sessions for read:user...
2024-08-01 19:21:14.630 [info] Got 0 sessions for read:user...
2024-08-01 19:21:14.631 [info] Getting sessions for user:email...
2024-08-01 19:21:14.631 [info] Got 1 sessions for user:email...
2024-08-01 19:21:14.934 [info] Getting sessions for read:user,repo,user:email,workflow...
2024-08-01 19:21:14.934 [info] Got 0 sessions for read:user,repo,user:email,workflow...
2024-08-01 19:21:14.935 [info] Getting sessions for read:user...
2024-08-01 19:21:14.935 [info] Got 0 sessions for read:user...
2024-08-01 19:21:14.935 [info] Getting sessions for user:email...
2024-08-01 19:21:14.935 [info] Got 1 sessions for user:email...
2024-08-01 19:46:14.934 [info] Getting sessions for read:user,repo,user:email,workflow...
2024-08-01 19:46:14.935 [info] Got 0 sessions for read:user,repo,user:email,workflow...
2024-08-01 19:46:14.935 [info] Getting sessions for read:user...
2024-08-01 19:46:14.935 [info] Got 0 sessions for read:user...
2024-08-01 19:46:14.936 [info] Getting sessions for user:email...
2024-08-01 19:46:14.936 [info] Got 1 sessions for user:email...
2024-08-01 19:46:15.002 [info] Getting sessions for read:user,repo,user:email,workflow...
2024-08-01 19:46:15.002 [info] Got 0 sessions for read:user,repo,user:email,workflow...
2024-08-01 19:46:15.005 [info] Getting sessions for read:user...
2024-08-01 19:46:15.005 [info] Got 0 sessions for read:user...
2024-08-01 19:46:15.009 [info] Getting sessions for user:email...
2024-08-01 19:46:15.009 [info] Got 1 sessions for user:email...
2024-08-01 19:46:15.322 [info] Getting sessions for read:user,repo,user:email,workflow...
2024-08-01 19:46:15.322 [info] Got 0 sessions for read:user,repo,user:email,workflow...
2024-08-01 19:46:15.322 [info] Getting sessions for read:user...
2024-08-01 19:46:15.322 [info] Got 0 sessions for read:user...
2024-08-01 19:46:15.322 [info] Getting sessions for user:email...
2024-08-01 19:46:15.322 [info] Got 1 sessions for user:email...
2024-08-01 20:11:15.395 [info] Getting sessions for read:user,repo,user:email,workflow...
2024-08-01 20:11:15.395 [info] Got 0 sessions for read:user,repo,user:email,workflow...
2024-08-01 20:11:15.395 [info] Getting sessions for read:user...
2024-08-01 20:11:15.395 [info] Got 0 sessions for read:user...
2024-08-01 20:11:15.396 [info] Getting sessions for user:email...
2024-08-01 20:11:15.396 [info] Got 1 sessions for user:email...
2024-08-01 20:11:15.396 [info] Getting sessions for read:user,repo,user:email,workflow...
2024-08-01 20:11:15.396 [info] Got 0 sessions for read:user,repo,user:email,workflow...
2024-08-01 20:11:15.407 [info] Getting sessions for read:user...
2024-08-01 20:11:15.407 [info] Got 0 sessions for read:user...
2024-08-01 20:11:15.411 [info] Getting sessions for user:email...
2024-08-01 20:11:15.411 [info] Got 1 sessions for user:email...
2024-08-01 20:11:15.791 [info] Getting sessions for read:user,repo,user:email,workflow...
2024-08-01 20:11:15.791 [info] Got 0 sessions for read:user,repo,user:email,workflow...
2024-08-01 20:11:15.791 [info] Getting sessions for read:user...
2024-08-01 20:11:15.791 [info] Got 0 sessions for read:user...
2024-08-01 20:11:15.792 [info] Getting sessions for user:email...
2024-08-01 20:11:15.792 [info] Got 1 sessions for user:email...
2024-08-01 20:36:15.851 [info] Getting sessions for read:user,repo,user:email,workflow...
2024-08-01 20:36:15.851 [info] Got 0 sessions for read:user,repo,user:email,workflow...
2024-08-01 20:36:15.852 [info] Getting sessions for read:user...
2024-08-01 20:36:15.852 [info] Got 0 sessions for read:user...
2024-08-01 20:36:15.852 [info] Getting sessions for user:email...
2024-08-01 20:36:15.852 [info] Got 1 sessions for user:email...
2024-08-01 20:36:15.853 [info] Getting sessions for read:user,repo,user:email,workflow...
2024-08-01 20:36:15.853 [info] Got 0 sessions for read:user,repo,user:email,workflow...
2024-08-01 20:36:15.860 [info] Getting sessions for read:user...
2024-08-01 20:36:15.860 [info] Got 0 sessions for read:user...
2024-08-01 20:36:15.863 [info] Getting sessions for user:email...
2024-08-01 20:36:15.863 [info] Got 1 sessions for user:email...
2024-08-01 20:36:16.248 [info] Getting sessions for read:user,repo,user:email,workflow...
2024-08-01 20:36:16.248 [info] Got 0 sessions for read:user,repo,user:email,workflow...
2024-08-01 20:36:16.249 [info] Getting sessions for read:user...
2024-08-01 20:36:16.249 [info] Got 0 sessions for read:user...
2024-08-01 20:36:16.250 [info] Getting sessions for user:email...
2024-08-01 20:36:16.250 [info] Got 1 sessions for user:email...
2024-08-01 21:01:16.216 [info] Getting sessions for read:user,repo,user:email,workflow...
2024-08-01 21:01:16.216 [info] Got 0 sessions for read:user,repo,user:email,workflow...
2024-08-01 21:01:16.220 [info] Getting sessions for read:user...
2024-08-01 21:01:16.220 [info] Got 0 sessions for read:user...
2024-08-01 21:01:16.224 [info] Getting sessions for user:email...
2024-08-01 21:01:16.224 [info] Got 1 sessions for user:email...
2024-08-01 21:01:16.295 [info] Getting sessions for read:user,repo,user:email,workflow...
2024-08-01 21:01:16.295 [info] Got 0 sessions for read:user,repo,user:email,workflow...
2024-08-01 21:01:16.295 [info] Getting sessions for read:user...
2024-08-01 21:01:16.295 [info] Got 0 sessions for read:user...
2024-08-01 21:01:16.296 [info] Getting sessions for user:email...
2024-08-01 21:01:16.296 [info] Got 1 sessions for user:email...
2024-08-01 21:01:16.669 [info] Getting sessions for read:user,repo,user:email,workflow...
2024-08-01 21:01:16.669 [info] Got 0 sessions for read:user,repo,user:email,workflow...
2024-08-01 21:01:16.670 [info] Getting sessions for read:user...
2024-08-01 21:01:16.670 [info] Got 0 sessions for read:user...
2024-08-01 21:01:16.670 [info] Getting sessions for user:email...
2024-08-01 21:01:16.670 [info] Got 1 sessions for user:email...
2024-08-01 21:26:16.649 [info] Getting sessions for read:user,repo,user:email,workflow...
2024-08-01 21:26:16.649 [info] Got 0 sessions for read:user,repo,user:email,workflow...
2024-08-01 21:26:16.652 [info] Getting sessions for read:user...
2024-08-01 21:26:16.652 [info] Got 0 sessions for read:user...
2024-08-01 21:26:16.656 [info] Getting sessions for user:email...
2024-08-01 21:26:16.656 [info] Got 1 sessions for user:email...
2024-08-01 21:26:16.764 [info] Getting sessions for read:user,repo,user:email,workflow...
2024-08-01 21:26:16.764 [info] Got 0 sessions for read:user,repo,user:email,workflow...
2024-08-01 21:26:16.766 [info] Getting sessions for read:user...
2024-08-01 21:26:16.766 [info] Got 0 sessions for read:user...
2024-08-01 21:26:16.766 [info] Getting sessions for user:email...
2024-08-01 21:26:16.766 [info] Got 1 sessions for user:email...
2024-08-01 21:26:17.115 [info] Getting sessions for read:user,repo,user:email,workflow...
2024-08-01 21:26:17.115 [info] Got 0 sessions for read:user,repo,user:email,workflow...
2024-08-01 21:26:17.116 [info] Getting sessions for read:user...
2024-08-01 21:26:17.116 [info] Got 0 sessions for read:user...
2024-08-01 21:26:17.116 [info] Getting sessions for user:email...
2024-08-01 21:26:17.116 [info] Got 1 sessions for user:email...
2024-08-01 21:51:17.075 [info] Getting sessions for read:user,repo,user:email,workflow...
2024-08-01 21:51:17.075 [info] Got 0 sessions for read:user,repo,user:email,workflow...
2024-08-01 21:51:17.079 [info] Getting sessions for read:user...
2024-08-01 21:51:17.079 [info] Got 0 sessions for read:user...
2024-08-01 21:51:17.082 [info] Getting sessions for user:email...
2024-08-01 21:51:17.082 [info] Got 1 sessions for user:email...
2024-08-01 21:51:17.142 [info] Getting sessions for read:user,repo,user:email,workflow...
2024-08-01 21:51:17.142 [info] Got 0 sessions for read:user,repo,user:email,workflow...
2024-08-01 21:51:17.142 [info] Getting sessions for read:user...
2024-08-01 21:51:17.142 [info] Got 0 sessions for read:user...
2024-08-01 21:51:17.142 [info] Getting sessions for user:email...
2024-08-01 21:51:17.142 [info] Got 1 sessions for user:email...
2024-08-01 21:51:17.480 [info] Getting sessions for read:user,repo,user:email,workflow...
2024-08-01 21:51:17.480 [info] Got 0 sessions for read:user,repo,user:email,workflow...
2024-08-01 21:51:17.481 [info] Getting sessions for read:user...
2024-08-01 21:51:17.481 [info] Got 0 sessions for read:user...
2024-08-01 21:51:17.481 [info] Getting sessions for user:email...
2024-08-01 21:51:17.481 [info] Got 1 sessions for user:email...
2024-08-01 22:16:17.489 [info] Getting sessions for read:user,repo,user:email,workflow...
2024-08-01 22:16:17.490 [info] Got 0 sessions for read:user,repo,user:email,workflow...
2024-08-01 22:16:17.490 [info] Getting sessions for read:user...
2024-08-01 22:16:17.490 [info] Got 0 sessions for read:user...
2024-08-01 22:16:17.491 [info] Getting sessions for user:email...
2024-08-01 22:16:17.491 [info] Got 1 sessions for user:email...
2024-08-01 22:16:17.491 [info] Getting sessions for read:user,repo,user:email,workflow...
2024-08-01 22:16:17.491 [info] Got 0 sessions for read:user,repo,user:email,workflow...
2024-08-01 22:16:17.498 [info] Getting sessions for read:user...
2024-08-01 22:16:17.498 [info] Got 0 sessions for read:user...
2024-08-01 22:16:17.501 [info] Getting sessions for user:email...
2024-08-01 22:16:17.501 [info] Got 1 sessions for user:email...
2024-08-01 22:16:17.829 [info] Getting sessions for read:user,repo,user:email,workflow...
2024-08-01 22:16:17.830 [info] Got 0 sessions for read:user,repo,user:email,workflow...
2024-08-01 22:16:17.830 [info] Getting sessions for read:user...
2024-08-01 22:16:17.830 [info] Got 0 sessions for read:user...
2024-08-01 22:16:17.831 [info] Getting sessions for user:email...
2024-08-01 22:16:17.831 [info] Got 1 sessions for user:email...
2024-08-01 22:41:17.842 [info] Getting sessions for read:user,repo,user:email,workflow...
2024-08-01 22:41:17.843 [info] Got 0 sessions for read:user,repo,user:email,workflow...
2024-08-01 22:41:17.843 [info] Getting sessions for read:user...
2024-08-01 22:41:17.843 [info] Got 0 sessions for read:user...
2024-08-01 22:41:17.844 [info] Getting sessions for user:email...
2024-08-01 22:41:17.844 [info] Got 1 sessions for user:email...
2024-08-01 22:41:17.860 [info] Getting sessions for read:user,repo,user:email,workflow...
2024-08-01 22:41:17.860 [info] Got 0 sessions for read:user,repo,user:email,workflow...
2024-08-01 22:41:17.864 [info] Getting sessions for read:user...
2024-08-01 22:41:17.864 [info] Got 0 sessions for read:user...
2024-08-01 22:41:17.867 [info] Getting sessions for user:email...
2024-08-01 22:41:17.867 [info] Got 1 sessions for user:email...
2024-08-01 22:41:18.214 [info] Getting sessions for read:user,repo,user:email,workflow...
2024-08-01 22:41:18.214 [info] Got 0 sessions for read:user,repo,user:email,workflow...
2024-08-01 22:41:18.215 [info] Getting sessions for read:user...
2024-08-01 22:41:18.215 [info] Got 0 sessions for read:user...
2024-08-01 22:41:18.215 [info] Getting sessions for user:email...
2024-08-01 22:41:18.215 [info] Got 1 sessions for user:email...
2024-08-01 23:06:18.218 [info] Getting sessions for read:user,repo,user:email,workflow...
2024-08-01 23:06:18.219 [info] Got 0 sessions for read:user,repo,user:email,workflow...
2024-08-01 23:06:18.219 [info] Getting sessions for read:user...
2024-08-01 23:06:18.219 [info] Got 0 sessions for read:user...
2024-08-01 23:06:18.220 [info] Getting sessions for user:email...
2024-08-01 23:06:18.220 [info] Got 1 sessions for user:email...
2024-08-01 23:06:18.285 [info] Getting sessions for read:user,repo,user:email,workflow...
2024-08-01 23:06:18.285 [info] Got 0 sessions for read:user,repo,user:email,workflow...
2024-08-01 23:06:18.288 [info] Getting sessions for read:user...
2024-08-01 23:06:18.288 [info] Got 0 sessions for read:user...
2024-08-01 23:06:18.292 [info] Getting sessions for user:email...
2024-08-01 23:06:18.292 [info] Got 1 sessions for user:email...
2024-08-01 23:06:18.580 [info] Getting sessions for read:user,repo,user:email,workflow...
2024-08-01 23:06:18.580 [info] Got 0 sessions for read:user,repo,user:email,workflow...
2024-08-01 23:06:18.580 [info] Getting sessions for read:user...
2024-08-01 23:06:18.580 [info] Got 0 sessions for read:user...
2024-08-01 23:06:18.581 [info] Getting sessions for user:email...
2024-08-01 23:06:18.581 [info] Got 1 sessions for user:email...
2024-08-01 23:31:18.574 [info] Getting sessions for read:user,repo,user:email,workflow...
2024-08-01 23:31:18.574 [info] Got 0 sessions for read:user,repo,user:email,workflow...
2024-08-01 23:31:18.575 [info] Getting sessions for read:user...
2024-08-01 23:31:18.575 [info] Got 0 sessions for read:user...
2024-08-01 23:31:18.575 [info] Getting sessions for user:email...
2024-08-01 23:31:18.575 [info] Got 1 sessions for user:email...
2024-08-01 23:31:18.690 [info] Getting sessions for read:user,repo,user:email,workflow...
2024-08-01 23:31:18.690 [info] Got 0 sessions for read:user,repo,user:email,workflow...
2024-08-01 23:31:18.694 [info] Getting sessions for read:user...
2024-08-01 23:31:18.694 [info] Got 0 sessions for read:user...
2024-08-01 23:31:18.697 [info] Getting sessions for user:email...
2024-08-01 23:31:18.697 [info] Got 1 sessions for user:email...
2024-08-01 23:31:18.906 [info] Getting sessions for read:user,repo,user:email,workflow...
2024-08-01 23:31:18.906 [info] Got 0 sessions for read:user,repo,user:email,workflow...
2024-08-01 23:31:18.906 [info] Getting sessions for read:user...
2024-08-01 23:31:18.906 [info] Got 0 sessions for read:user...
2024-08-01 23:31:18.907 [info] Getting sessions for user:email...
2024-08-01 23:31:18.907 [info] Got 1 sessions for user:email...
2024-08-01 23:56:18.898 [info] Getting sessions for read:user,repo,user:email,workflow...
2024-08-01 23:56:18.898 [info] Got 0 sessions for read:user,repo,user:email,workflow...
2024-08-01 23:56:18.898 [info] Getting sessions for read:user...
2024-08-01 23:56:18.899 [info] Got 0 sessions for read:user...
2024-08-01 23:56:18.899 [info] Getting sessions for user:email...
2024-08-01 23:56:18.899 [info] Got 1 sessions for user:email...
2024-08-01 23:56:19.050 [info] Getting sessions for read:user,repo,user:email,workflow...
2024-08-01 23:56:19.050 [info] Got 0 sessions for read:user,repo,user:email,workflow...
2024-08-01 23:56:19.054 [info] Getting sessions for read:user...
2024-08-01 23:56:19.054 [info] Got 0 sessions for read:user...
2024-08-01 23:56:19.057 [info] Getting sessions for user:email...
2024-08-01 23:56:19.057 [info] Got 1 sessions for user:email...
2024-08-01 23:56:19.202 [info] Getting sessions for read:user,repo,user:email,workflow...
2024-08-01 23:56:19.202 [info] Got 0 sessions for read:user,repo,user:email,workflow...
2024-08-01 23:56:19.202 [info] Getting sessions for read:user...
2024-08-01 23:56:19.202 [info] Got 0 sessions for read:user...
2024-08-01 23:56:19.202 [info] Getting sessions for user:email...
2024-08-01 23:56:19.202 [info] Got 1 sessions for user:email...
2024-08-02 00:21:19.306 [info] Getting sessions for read:user,repo,user:email,workflow...
2024-08-02 00:21:19.306 [info] Got 0 sessions for read:user,repo,user:email,workflow...
2024-08-02 00:21:19.318 [info] Getting sessions for read:user...
2024-08-02 00:21:19.319 [info] Got 0 sessions for read:user...
2024-08-02 00:21:19.319 [info] Getting sessions for user:email...
2024-08-02 00:21:19.319 [info] Got 1 sessions for user:email...
2024-08-02 00:21:19.420 [info] Getting sessions for read:user,repo,user:email,workflow...
2024-08-02 00:21:19.420 [info] Got 0 sessions for read:user,repo,user:email,workflow...
2024-08-02 00:21:19.425 [info] Getting sessions for read:user...
2024-08-02 00:21:19.425 [info] Got 0 sessions for read:user...
2024-08-02 00:21:19.433 [info] Getting sessions for user:email...
2024-08-02 00:21:19.433 [info] Got 1 sessions for user:email...
2024-08-02 00:21:19.611 [info] Getting sessions for read:user,repo,user:email,workflow...
2024-08-02 00:21:19.611 [info] Got 0 sessions for read:user,repo,user:email,workflow...
2024-08-02 00:21:19.611 [info] Getting sessions for read:user...
2024-08-02 00:21:19.611 [info] Got 0 sessions for read:user...
2024-08-02 00:21:19.612 [info] Getting sessions for user:email...
2024-08-02 00:21:19.612 [info] Got 1 sessions for user:email...
